<?xml version="1.0" encoding="UTF-8"?>
<testng-results skipped="0" failed="0" ignored="0" total="1" passed="1">
  <reporter-output>
  </reporter-output>
  <suite name="Default suite" duration-ms="12903" started-at="2022-08-10T10:41:19 CDT" finished-at="2022-08-10T10:41:32 CDT">
    <groups>
    </groups>
    <test name="Default test" duration-ms="12903" started-at="2022-08-10T10:41:19 CDT" finished-at="2022-08-10T10:41:32 CDT">
      <class name="Assignment3.AddContact">
        <test-method status="PASS" signature="config()[pri:0, instance:Assignment3.AddContact@38bc8ab5]" name="config" is-config="true" duration-ms="5" started-at="2022-08-10T10:41:19 CDT" finished-at="2022-08-10T10:41:19 CDT">
          <reporter-output>
          </reporter-output>
        </test-method> <!-- config -->
        <test-method status="PASS" signature="init()[pri:0, instance:Assignment3.AddContact@38bc8ab5]" name="init" is-config="true" duration-ms="3038" started-at="2022-08-10T10:41:19 CDT" finished-at="2022-08-10T10:41:22 CDT">
          <reporter-output>
          </reporter-output>
        </test-method> <!-- init -->
        <test-method status="PASS" signature="login()[pri:0, instance:Assignment3.AddContact@38bc8ab5]" name="login" duration-ms="9831" started-at="2022-08-10T10:41:22 CDT" finished-at="2022-08-10T10:41:32 CDT">
          <reporter-output>
          </reporter-output>
        </test-method> <!-- login -->
      </class> <!-- Assignment3.AddContact -->
    </test> <!-- Default test -->
  </suite> <!-- Default suite -->
</testng-results>
